<?xml version="1.0" encoding="UTF-8"?>
<!-- Generated by org.testng.reporters.JUnitReportReporter -->
<testsuite skipped="0" hostname="SMJ" name="com.fullcreative.maincheckout.MainCheckOutPage" tests="1" failures="0" timestamp="26 Mar 2023 09:22:19 GMT" time="90.651" errors="0">
  <testcase name="validatecheckoutpage" time="90.651" classname="com.fullcreative.maincheckout.MainCheckOutPage"/>
</testsuite> <!-- com.fullcreative.maincheckout.MainCheckOutPage -->
